2024-04-10 19:06:18,901 - INFO - SUCCESS INDEX:0
2024-04-10 19:06:25,007 - INFO - SUCCESS INDEX:1
2024-04-10 19:06:35,513 - ERROR - ERROR 第2个错误:Message: timeout: Timed out receiving message from renderer: 8.499
  (Session info: chrome=123.0.6312.106)
Stacktrace:
	GetHandleVerifier [0x00007FF75D7B7072+63090]
	(No symbol) [0x00007FF75D722CC2]
	(No symbol) [0x00007FF75D5BEC65]
	(No symbol) [0x00007FF75D5AD1EF]
	(No symbol) [0x00007FF75D5AD021]
	(No symbol) [0x00007FF75D5AB0A8]
	(No symbol) [0x00007FF75D5ABA8F]
	(No symbol) [0x00007FF75D5B8A3E]
	(No symbol) [0x00007FF75D5CAB0E]
	(No symbol) [0x00007FF75D5CF82A]
	(No symbol) [0x00007FF75D5AC006]
	(No symbol) [0x00007FF75D5CA93D]
	(No symbol) [0x00007FF75D64376C]
	(No symbol) [0x00007FF75D626D83]
	(No symbol) [0x00007FF75D5F83A8]
	(No symbol) [0x00007FF75D5F9441]
	GetHandleVerifier [0x00007FF75DBB25CD+4238285]
	GetHandleVerifier [0x00007FF75DBEF72D+4488493]
	GetHandleVerifier [0x00007FF75DBE7A0F+4456463]
	GetHandleVerifier [0x00007FF75D8905B6+953270]
	(No symbol) [0x00007FF75D72E58F]
	(No symbol) [0x00007FF75D729264]
	(No symbol) [0x00007FF75D72939B]
	(No symbol) [0x00007FF75D719BD4]
	BaseThreadInitThunk [0x00007FF9D6887344+20]
	RtlUserThreadStart [0x00007FF9D6F826B1+33]
 ，地址：https://www.premier1supplies.com
2024-04-10 19:06:35,514 - INFO - SUCCESS INDEX:2
2024-04-10 19:06:40,531 - INFO - SUCCESS INDEX:3
2024-04-10 19:06:55,204 - ERROR - ERROR 第4个错误:Message: timeout: Timed out receiving message from renderer: 5.254
  (Session info: chrome=123.0.6312.106)
Stacktrace:
	GetHandleVerifier [0x00007FF75D7B7072+63090]
	(No symbol) [0x00007FF75D722CC2]
	(No symbol) [0x00007FF75D5BEC65]
	(No symbol) [0x00007FF75D5AD1EF]
	(No symbol) [0x00007FF75D5AD021]
	(No symbol) [0x00007FF75D5AB0A8]
	(No symbol) [0x00007FF75D5ABA8F]
	(No symbol) [0x00007FF75D5B8A3E]
	(No symbol) [0x00007FF75D5CAB0E]
	(No symbol) [0x00007FF75D5CF82A]
	(No symbol) [0x00007FF75D5AC006]
	(No symbol) [0x00007FF75D5CA93D]
	(No symbol) [0x00007FF75D64376C]
	(No symbol) [0x00007FF75D626D83]
	(No symbol) [0x00007FF75D5F83A8]
	(No symbol) [0x00007FF75D5F9441]
	GetHandleVerifier [0x00007FF75DBB25CD+4238285]
	GetHandleVerifier [0x00007FF75DBEF72D+4488493]
	GetHandleVerifier [0x00007FF75DBE7A0F+4456463]
	GetHandleVerifier [0x00007FF75D8905B6+953270]
	(No symbol) [0x00007FF75D72E58F]
	(No symbol) [0x00007FF75D729264]
	(No symbol) [0x00007FF75D72939B]
	(No symbol) [0x00007FF75D719BD4]
	BaseThreadInitThunk [0x00007FF9D6887344+20]
	RtlUserThreadStart [0x00007FF9D6F826B1+33]
 ，地址：https://www.farmprogress.com
2024-04-10 19:06:55,205 - INFO - SUCCESS INDEX:4
2024-04-10 19:06:59,033 - INFO - SUCCESS INDEX:5
2024-04-10 19:07:09,545 - ERROR - ERROR 第6个错误:Message: timeout: Timed out receiving message from renderer: -0.000
  (Session info: chrome=123.0.6312.106)
Stacktrace:
	GetHandleVerifier [0x00007FF75D7B7072+63090]
	(No symbol) [0x00007FF75D722CC2]
	(No symbol) [0x00007FF75D5BEC65]
	(No symbol) [0x00007FF75D5AD1EF]
	(No symbol) [0x00007FF75D5AD021]
	(No symbol) [0x00007FF75D5AB0A8]
	(No symbol) [0x00007FF75D5ABA8F]
	(No symbol) [0x00007FF75D5B8A3E]
	(No symbol) [0x00007FF75D5CAB0E]
	(No symbol) [0x00007FF75D5CF82A]
	(No symbol) [0x00007FF75D5AC006]
	(No symbol) [0x00007FF75D5CA93D]
	(No symbol) [0x00007FF75D6432ED]
	(No symbol) [0x00007FF75D626D83]
	(No symbol) [0x00007FF75D5F83A8]
	(No symbol) [0x00007FF75D5F9441]
	GetHandleVerifier [0x00007FF75DBB25CD+4238285]
	GetHandleVerifier [0x00007FF75DBEF72D+4488493]
	GetHandleVerifier [0x00007FF75DBE7A0F+4456463]
	GetHandleVerifier [0x00007FF75D8905B6+953270]
	(No symbol) [0x00007FF75D72E58F]
	(No symbol) [0x00007FF75D729264]
	(No symbol) [0x00007FF75D72939B]
	(No symbol) [0x00007FF75D719BD4]
	BaseThreadInitThunk [0x00007FF9D6887344+20]
	RtlUserThreadStart [0x00007FF9D6F826B1+33]
 ，地址：https://www.mylittlesalesman.com
2024-04-10 19:07:09,546 - INFO - SUCCESS INDEX:6
2024-04-10 19:07:20,059 - ERROR - ERROR 第7个错误:Message: timeout: Timed out receiving message from renderer: 8.307
  (Session info: chrome=123.0.6312.106)
Stacktrace:
	GetHandleVerifier [0x00007FF75D7B7072+63090]
	(No symbol) [0x00007FF75D722CC2]
	(No symbol) [0x00007FF75D5BEC65]
	(No symbol) [0x00007FF75D5AD1EF]
	(No symbol) [0x00007FF75D5AD021]
	(No symbol) [0x00007FF75D5AB0A8]
	(No symbol) [0x00007FF75D5ABA8F]
	(No symbol) [0x00007FF75D5B8A3E]
	(No symbol) [0x00007FF75D5CAB0E]
	(No symbol) [0x00007FF75D5CF82A]
	(No symbol) [0x00007FF75D5AC006]
	(No symbol) [0x00007FF75D5CA93D]
	(No symbol) [0x00007FF75D64376C]
	(No symbol) [0x00007FF75D626D83]
	(No symbol) [0x00007FF75D5F83A8]
	(No symbol) [0x00007FF75D5F9441]
	GetHandleVerifier [0x00007FF75DBB25CD+4238285]
	GetHandleVerifier [0x00007FF75DBEF72D+4488493]
	GetHandleVerifier [0x00007FF75DBE7A0F+4456463]
	GetHandleVerifier [0x00007FF75D8905B6+953270]
	(No symbol) [0x00007FF75D72E58F]
	(No symbol) [0x00007FF75D729264]
	(No symbol) [0x00007FF75D72939B]
	(No symbol) [0x00007FF75D719BD4]
	BaseThreadInitThunk [0x00007FF9D6887344+20]
	RtlUserThreadStart [0x00007FF9D6F826B1+33]
 ，地址：https://www.fastline.com
2024-04-10 19:07:20,059 - INFO - SUCCESS INDEX:7
2024-04-10 19:07:30,565 - ERROR - ERROR 第8个错误:Message: timeout: Timed out receiving message from renderer: 7.308
  (Session info: chrome=123.0.6312.106)
Stacktrace:
	GetHandleVerifier [0x00007FF75D7B7072+63090]
	(No symbol) [0x00007FF75D722CC2]
	(No symbol) [0x00007FF75D5BEC65]
	(No symbol) [0x00007FF75D5AD1EF]
	(No symbol) [0x00007FF75D5AD021]
	(No symbol) [0x00007FF75D5AB0A8]
	(No symbol) [0x00007FF75D5ABA8F]
	(No symbol) [0x00007FF75D5B8A3E]
	(No symbol) [0x00007FF75D5CAB0E]
	(No symbol) [0x00007FF75D5CF82A]
	(No symbol) [0x00007FF75D5AC006]
	(No symbol) [0x00007FF75D5CA93D]
	(No symbol) [0x00007FF75D64376C]
	(No symbol) [0x00007FF75D626D83]
	(No symbol) [0x00007FF75D5F83A8]
	(No symbol) [0x00007FF75D5F9441]
	GetHandleVerifier [0x00007FF75DBB25CD+4238285]
	GetHandleVerifier [0x00007FF75DBEF72D+4488493]
	GetHandleVerifier [0x00007FF75DBE7A0F+4456463]
	GetHandleVerifier [0x00007FF75D8905B6+953270]
	(No symbol) [0x00007FF75D72E58F]
	(No symbol) [0x00007FF75D729264]
	(No symbol) [0x00007FF75D72939B]
	(No symbol) [0x00007FF75D719BD4]
	BaseThreadInitThunk [0x00007FF9D6887344+20]
	RtlUserThreadStart [0x00007FF9D6F826B1+33]
 ，地址：https://www.hsmfgco.com
2024-04-10 19:07:30,566 - INFO - SUCCESS INDEX:8
2024-04-10 19:07:41,084 - ERROR - ERROR 第9个错误:Message: timeout: Timed out receiving message from renderer: 9.315
  (Session info: chrome=123.0.6312.106)
Stacktrace:
	GetHandleVerifier [0x00007FF75D7B7072+63090]
	(No symbol) [0x00007FF75D722CC2]
	(No symbol) [0x00007FF75D5BEC65]
	(No symbol) [0x00007FF75D5AD1EF]
	(No symbol) [0x00007FF75D5AD021]
	(No symbol) [0x00007FF75D5AB0A8]
	(No symbol) [0x00007FF75D5ABA8F]
	(No symbol) [0x00007FF75D5B8A3E]
	(No symbol) [0x00007FF75D5CAB0E]
	(No symbol) [0x00007FF75D5CF82A]
	(No symbol) [0x00007FF75D5AC006]
	(No symbol) [0x00007FF75D5CA93D]
	(No symbol) [0x00007FF75D64376C]
	(No symbol) [0x00007FF75D626D83]
	(No symbol) [0x00007FF75D5F83A8]
	(No symbol) [0x00007FF75D5F9441]
	GetHandleVerifier [0x00007FF75DBB25CD+4238285]
	GetHandleVerifier [0x00007FF75DBEF72D+4488493]
	GetHandleVerifier [0x00007FF75DBE7A0F+4456463]
	GetHandleVerifier [0x00007FF75D8905B6+953270]
	(No symbol) [0x00007FF75D72E58F]
	(No symbol) [0x00007FF75D729264]
	(No symbol) [0x00007FF75D72939B]
	(No symbol) [0x00007FF75D719BD4]
	BaseThreadInitThunk [0x00007FF9D6887344+20]
	RtlUserThreadStart [0x00007FF9D6F826B1+33]
 ，地址：https://www.amazon.com
2024-04-10 19:07:41,084 - INFO - SUCCESS INDEX:9
2024-04-10 19:07:50,997 - INFO - SUCCESS INDEX:10
2024-04-10 19:07:56,106 - INFO - SUCCESS INDEX:11
2024-04-10 19:08:09,650 - ERROR - ERROR 第12个错误:Message: timeout: Timed out receiving message from renderer: 8.649
  (Session info: chrome=123.0.6312.106)
Stacktrace:
	GetHandleVerifier [0x00007FF75D7B7072+63090]
	(No symbol) [0x00007FF75D722CC2]
	(No symbol) [0x00007FF75D5BEC65]
	(No symbol) [0x00007FF75D5AD1EF]
	(No symbol) [0x00007FF75D5AD021]
	(No symbol) [0x00007FF75D5AB0A8]
	(No symbol) [0x00007FF75D5ABA8F]
	(No symbol) [0x00007FF75D5B8A3E]
	(No symbol) [0x00007FF75D5CAB0E]
	(No symbol) [0x00007FF75D5CF82A]
	(No symbol) [0x00007FF75D5AC006]
	(No symbol) [0x00007FF75D5CA93D]
	(No symbol) [0x00007FF75D64376C]
	(No symbol) [0x00007FF75D626D83]
	(No symbol) [0x00007FF75D5F83A8]
	(No symbol) [0x00007FF75D5F9441]
	GetHandleVerifier [0x00007FF75DBB25CD+4238285]
	GetHandleVerifier [0x00007FF75DBEF72D+4488493]
	GetHandleVerifier [0x00007FF75DBE7A0F+4456463]
	GetHandleVerifier [0x00007FF75D8905B6+953270]
	(No symbol) [0x00007FF75D72E58F]
	(No symbol) [0x00007FF75D729264]
	(No symbol) [0x00007FF75D72939B]
	(No symbol) [0x00007FF75D719BD4]
	BaseThreadInitThunk [0x00007FF9D6887344+20]
	RtlUserThreadStart [0x00007FF9D6F826B1+33]
 ，地址：https://www.machinerypete.com
2024-04-10 19:08:09,650 - INFO - SUCCESS INDEX:12
2024-04-10 19:08:20,687 - INFO - SUCCESS INDEX:13
2024-04-10 19:08:25,493 - INFO - SUCCESS INDEX:14
2024-04-10 19:08:31,167 - INFO - SUCCESS INDEX:15
2024-04-10 19:08:45,695 - ERROR - ERROR 第16个错误:Message: timeout: Timed out receiving message from renderer: 7.739
  (Session info: chrome=123.0.6312.106)
Stacktrace:
	GetHandleVerifier [0x00007FF75D7B7072+63090]
	(No symbol) [0x00007FF75D722CC2]
	(No symbol) [0x00007FF75D5BEC65]
	(No symbol) [0x00007FF75D5AD1EF]
	(No symbol) [0x00007FF75D5AD021]
	(No symbol) [0x00007FF75D5AB0A8]
	(No symbol) [0x00007FF75D5ABA8F]
	(No symbol) [0x00007FF75D5B8A3E]
	(No symbol) [0x00007FF75D5CAB0E]
	(No symbol) [0x00007FF75D5CF82A]
	(No symbol) [0x00007FF75D5AC006]
	(No symbol) [0x00007FF75D5CA93D]
	(No symbol) [0x00007FF75D64376C]
	(No symbol) [0x00007FF75D626D83]
	(No symbol) [0x00007FF75D5F83A8]
	(No symbol) [0x00007FF75D5F9441]
	GetHandleVerifier [0x00007FF75DBB25CD+4238285]
	GetHandleVerifier [0x00007FF75DBEF72D+4488493]
	GetHandleVerifier [0x00007FF75DBE7A0F+4456463]
	GetHandleVerifier [0x00007FF75D8905B6+953270]
	(No symbol) [0x00007FF75D72E58F]
	(No symbol) [0x00007FF75D729264]
	(No symbol) [0x00007FF75D72939B]
	(No symbol) [0x00007FF75D719BD4]
	BaseThreadInitThunk [0x00007FF9D6887344+20]
	RtlUserThreadStart [0x00007FF9D6F826B1+33]
 ，地址：https://www.honeymilkhomestead.com
2024-04-10 19:08:45,696 - INFO - SUCCESS INDEX:16
2024-04-10 19:13:59,716 - INFO - SUCCESS INDEX:0
2024-04-10 19:14:04,836 - INFO - SUCCESS INDEX:1
2024-04-10 19:14:20,923 - INFO - SUCCESS INDEX:3
2024-04-10 19:14:35,086 - INFO - SUCCESS INDEX:5
2024-04-10 19:15:16,691 - INFO - SUCCESS INDEX:9
2024-04-10 19:15:22,325 - INFO - SUCCESS INDEX:10
2024-04-10 19:15:32,902 - INFO - SUCCESS INDEX:11
2024-04-10 19:15:51,173 - INFO - SUCCESS INDEX:13
2024-04-10 19:15:55,000 - INFO - SUCCESS INDEX:14
2024-04-10 19:16:01,468 - INFO - SUCCESS INDEX:15
2024-04-10 19:16:19,231 - INFO - SUCCESS INDEX:17
2024-04-10 19:16:24,338 - INFO - SUCCESS INDEX:18
2024-04-10 19:16:35,559 - INFO - SUCCESS INDEX:19
2024-04-10 19:16:41,312 - INFO - SUCCESS INDEX:20
2024-04-10 19:17:11,122 - INFO - SUCCESS INDEX:23
2024-04-10 19:17:25,824 - INFO - SUCCESS INDEX:25
2024-04-10 19:17:33,424 - INFO - SUCCESS INDEX:26
2024-04-10 19:17:51,509 - INFO - SUCCESS INDEX:28
2024-04-10 19:18:00,789 - INFO - SUCCESS INDEX:29
2024-04-10 19:18:17,139 - INFO - SUCCESS INDEX:31
2024-04-10 19:18:22,377 - INFO - SUCCESS INDEX:32
2024-04-10 19:18:47,376 - INFO - SUCCESS INDEX:35
2024-04-10 19:18:51,972 - INFO - SUCCESS INDEX:36
2024-04-10 19:18:56,350 - INFO - SUCCESS INDEX:37
2024-04-10 19:19:16,977 - INFO - SUCCESS INDEX:39
2024-04-10 19:19:27,308 - INFO - SUCCESS INDEX:40
2024-04-10 19:19:37,119 - INFO - SUCCESS INDEX:41
2024-04-10 19:19:41,092 - INFO - SUCCESS INDEX:42
2024-04-10 19:19:50,179 - INFO - SUCCESS INDEX:43
2024-04-10 19:20:19,042 - INFO - SUCCESS INDEX:46
2024-04-10 19:20:28,792 - INFO - SUCCESS INDEX:47
2024-04-10 19:20:32,105 - INFO - SUCCESS INDEX:48
2024-04-10 19:20:37,636 - INFO - SUCCESS INDEX:49
2024-04-10 19:20:53,786 - INFO - SUCCESS INDEX:51
2024-04-10 19:21:05,509 - INFO - SUCCESS INDEX:52
2024-04-10 19:21:12,911 - INFO - SUCCESS INDEX:53
2024-04-10 19:21:26,526 - INFO - SUCCESS INDEX:54
2024-04-10 19:22:39,867 - INFO - SUCCESS INDEX:61
2024-04-10 19:22:47,333 - INFO - SUCCESS INDEX:62
2024-04-10 19:23:45,180 - INFO - SUCCESS INDEX:68
2024-04-10 19:23:50,692 - INFO - SUCCESS INDEX:69
2024-04-10 19:23:53,889 - INFO - SUCCESS INDEX:70
2024-04-10 19:24:11,197 - INFO - SUCCESS INDEX:72
2024-04-10 19:24:15,733 - INFO - SUCCESS INDEX:73
2024-04-10 19:26:26,641 - INFO - SUCCESS INDEX:86
2024-04-10 19:26:52,068 - INFO - SUCCESS INDEX:89
2024-04-10 19:26:59,138 - INFO - SUCCESS INDEX:90
2024-04-10 19:27:13,054 - INFO - SUCCESS INDEX:92
2024-04-10 19:27:22,562 - INFO - SUCCESS INDEX:93
2024-04-10 19:27:38,875 - INFO - SUCCESS INDEX:95
2024-04-10 19:29:02,436 - INFO - SUCCESS INDEX:103
2024-04-10 19:29:22,824 - INFO - SUCCESS INDEX:105
2024-04-10 19:29:36,918 - INFO - SUCCESS INDEX:107
2024-04-10 19:30:15,090 - INFO - SUCCESS INDEX:111
2024-04-10 19:30:23,151 - INFO - SUCCESS INDEX:112
2024-04-10 19:30:53,935 - INFO - SUCCESS INDEX:115
2024-04-10 19:31:10,481 - INFO - SUCCESS INDEX:117
2024-04-10 19:31:23,754 - INFO - SUCCESS INDEX:119
2024-04-10 19:31:27,913 - INFO - SUCCESS INDEX:120
2024-04-10 19:31:34,550 - INFO - SUCCESS INDEX:121
2024-04-10 19:32:05,731 - INFO - SUCCESS INDEX:124
2024-04-10 19:32:13,999 - INFO - SUCCESS INDEX:125
2024-04-10 19:32:24,442 - INFO - SUCCESS INDEX:126
2024-04-10 19:32:59,383 - INFO - SUCCESS INDEX:130
2024-04-10 19:33:57,525 - INFO - SUCCESS INDEX:136
2024-04-10 19:34:07,217 - INFO - SUCCESS INDEX:137
2024-04-10 19:34:23,404 - INFO - SUCCESS INDEX:138
2024-04-10 19:34:39,641 - INFO - SUCCESS INDEX:140
2024-04-10 19:34:50,156 - INFO - SUCCESS INDEX:141
2024-04-10 19:34:55,865 - INFO - SUCCESS INDEX:142
2024-04-10 19:35:12,432 - INFO - SUCCESS INDEX:144
2024-04-10 19:35:22,546 - INFO - SUCCESS INDEX:145
2024-04-10 19:35:36,253 - INFO - SUCCESS INDEX:146
2024-04-10 19:36:14,750 - INFO - SUCCESS INDEX:150
2024-04-10 19:37:12,847 - INFO - SUCCESS INDEX:156
2024-04-10 19:37:46,159 - INFO - SUCCESS INDEX:159
2024-04-10 19:37:54,256 - INFO - SUCCESS INDEX:160
2024-04-10 19:38:01,080 - INFO - SUCCESS INDEX:161
2024-04-10 19:38:22,335 - INFO - SUCCESS INDEX:163
2024-04-10 19:38:32,550 - INFO - SUCCESS INDEX:164
2024-04-10 19:39:30,273 - INFO - SUCCESS INDEX:170
2024-04-10 19:39:34,254 - INFO - SUCCESS INDEX:171
2024-04-10 19:40:10,564 - INFO - SUCCESS INDEX:175
2024-04-10 19:40:21,998 - INFO - SUCCESS INDEX:176
2024-04-10 19:40:40,360 - INFO - SUCCESS INDEX:178
2024-04-10 19:40:49,675 - INFO - SUCCESS INDEX:179
2024-04-10 19:40:55,194 - INFO - SUCCESS INDEX:180
2024-04-10 19:41:03,390 - INFO - SUCCESS INDEX:181
2024-04-10 19:41:14,965 - INFO - SUCCESS INDEX:182
2024-04-10 19:41:29,333 - INFO - SUCCESS INDEX:184
2024-04-10 19:41:55,787 - INFO - SUCCESS INDEX:186
2024-04-10 19:42:02,658 - INFO - SUCCESS INDEX:187
2024-04-10 19:42:10,455 - INFO - SUCCESS INDEX:188
2024-04-10 19:42:24,805 - INFO - SUCCESS INDEX:190
2024-04-10 19:42:30,075 - INFO - SUCCESS INDEX:191
2024-04-10 19:42:46,994 - INFO - SUCCESS INDEX:193
2024-04-10 19:43:03,081 - INFO - SUCCESS INDEX:194
2024-04-10 19:43:13,152 - INFO - SUCCESS INDEX:195
2024-04-10 19:43:38,583 - INFO - SUCCESS INDEX:198
2024-04-10 19:43:44,775 - INFO - SUCCESS INDEX:199
2024-04-10 19:44:49,028 - INFO - SUCCESS INDEX:205
2024-04-10 19:45:21,709 - INFO - SUCCESS INDEX:208
2024-04-10 19:45:34,318 - INFO - SUCCESS INDEX:209
2024-04-10 19:46:00,904 - INFO - SUCCESS INDEX:212
2024-04-10 19:46:08,684 - INFO - SUCCESS INDEX:213
2024-04-10 19:46:38,358 - INFO - SUCCESS INDEX:216
2024-04-10 19:47:06,934 - INFO - SUCCESS INDEX:219
2024-04-10 19:47:12,654 - INFO - SUCCESS INDEX:220
2024-04-10 19:48:10,170 - INFO - SUCCESS INDEX:225
2024-04-10 19:48:47,151 - INFO - SUCCESS INDEX:229
2024-04-10 19:48:58,130 - INFO - SUCCESS INDEX:230
2024-04-10 19:49:40,368 - INFO - SUCCESS INDEX:234
2024-04-10 19:51:24,147 - INFO - SUCCESS INDEX:244
2024-04-10 19:53:27,633 - INFO - SUCCESS INDEX:256
2024-04-10 19:53:42,753 - INFO - SUCCESS INDEX:257
2024-04-10 19:53:50,468 - INFO - SUCCESS INDEX:258
2024-04-10 19:54:19,794 - INFO - SUCCESS INDEX:261
2024-04-10 19:54:30,406 - INFO - SUCCESS INDEX:262
2024-04-10 19:54:37,093 - INFO - SUCCESS INDEX:263
2024-04-10 19:55:40,625 - INFO - SUCCESS INDEX:269
2024-04-10 19:56:04,876 - INFO - SUCCESS INDEX:271
2024-04-10 19:56:21,972 - INFO - SUCCESS INDEX:273
2024-04-10 19:56:28,027 - INFO - SUCCESS INDEX:274
2024-04-10 19:56:32,304 - INFO - SUCCESS INDEX:275
2024-04-10 19:56:53,786 - INFO - SUCCESS INDEX:277
2024-04-10 19:57:10,424 - INFO - SUCCESS INDEX:279
2024-04-10 19:57:54,117 - INFO - SUCCESS INDEX:283
2024-04-10 19:57:58,634 - INFO - SUCCESS INDEX:284
2024-04-10 19:58:19,070 - INFO - SUCCESS INDEX:286
2024-04-10 19:58:47,528 - INFO - SUCCESS INDEX:289
2024-04-10 19:58:53,445 - INFO - SUCCESS INDEX:290
2024-04-10 19:58:56,451 - INFO - SUCCESS INDEX:291
2024-04-10 19:59:07,661 - INFO - SUCCESS INDEX:292
2024-04-10 19:59:33,358 - INFO - SUCCESS INDEX:295
2024-04-10 19:59:43,466 - INFO - SUCCESS INDEX:296
2024-04-10 19:59:57,438 - INFO - SUCCESS INDEX:298
2024-04-10 20:01:13,529 - INFO - SUCCESS INDEX:306
2024-04-10 20:01:19,857 - INFO - SUCCESS INDEX:307
2024-04-10 20:01:29,417 - INFO - SUCCESS INDEX:308
2024-04-10 20:02:16,782 - INFO - SUCCESS INDEX:313
2024-04-10 20:02:34,080 - INFO - SUCCESS INDEX:315
2024-04-10 20:02:38,890 - INFO - SUCCESS INDEX:316
2024-04-10 20:02:43,903 - INFO - SUCCESS INDEX:317
2024-04-10 20:02:48,359 - INFO - SUCCESS INDEX:318
2024-04-10 20:02:58,677 - INFO - SUCCESS INDEX:319
2024-04-10 20:03:03,029 - INFO - SUCCESS INDEX:320
2024-04-10 20:03:11,214 - INFO - SUCCESS INDEX:321
2024-04-10 20:03:16,879 - INFO - SUCCESS INDEX:322
2024-04-10 20:03:21,166 - INFO - SUCCESS INDEX:323
2024-04-10 20:03:26,672 - INFO - SUCCESS INDEX:324
2024-04-10 20:03:41,344 - INFO - SUCCESS INDEX:325
2024-04-10 20:04:18,862 - INFO - SUCCESS INDEX:329
2024-04-10 20:04:23,333 - INFO - SUCCESS INDEX:330
2024-04-10 20:04:34,709 - INFO - SUCCESS INDEX:331
2024-04-10 20:04:43,409 - INFO - SUCCESS INDEX:332
2024-04-10 20:04:59,551 - INFO - SUCCESS INDEX:334
2024-04-10 20:05:12,917 - INFO - SUCCESS INDEX:335
2024-04-10 20:05:21,216 - INFO - SUCCESS INDEX:336
2024-04-10 20:05:24,069 - INFO - SUCCESS INDEX:337
2024-04-10 20:05:33,879 - INFO - SUCCESS INDEX:338
2024-04-10 20:05:38,040 - INFO - SUCCESS INDEX:339
2024-04-10 20:06:31,887 - INFO - SUCCESS INDEX:344
2024-04-10 20:06:57,005 - INFO - SUCCESS INDEX:346
2024-04-10 20:08:07,504 - INFO - SUCCESS INDEX:353
2024-04-10 20:08:12,717 - INFO - SUCCESS INDEX:354
2024-04-10 20:08:19,698 - INFO - SUCCESS INDEX:355
2024-04-10 20:08:50,742 - INFO - SUCCESS INDEX:358
2024-04-10 20:08:54,950 - INFO - SUCCESS INDEX:359
